Arguments: 
  /usr/local/bin/node /usr/local/bin/yarn install

PATH: 
  /root/.pyenv/shims:/root/.pyenv/bin:/usr/local/sbin:/usr/local/bin:/usr/sbin:/usr/bin:/sbin:/bin:/usr/games:/usr/local/games:/mnt/c/Users/efnxqng/DOCUME~1/MobaXterm/slash/bin:/mnt/c/WINDOWS/:/mnt/c/WINDOWS/system32/:/snap/bin

Yarn version: 
  1.22.10

Node version: 
  14.17.0

Platform: 
  linux x64

Trace: 
  Error: connect ECONNREFUSED 183.218.12.242:443
      at TCPConnectWrap.afterConnect [as oncomplete] (net.js:1146:16)

npm manifest: 
  {
    "version": "0.0.0",
    "scripts": {
      "dev": "vite",
      "build": "tsc && vite build",
      "serve": "vite preview"
    },
    "dependencies": {
      "@xstate/react": "^1.3.4",
      "react": "^17.0.0",
      "react-dom": "^17.0.0",
      "xstate": "^4.20.0"
    },
    "devDependencies": {
      "@types/react": "^17.0.0",
      "@types/react-dom": "^17.0.0",
      "@vitejs/plugin-react-refresh": "^1.3.1",
      "typescript": "^4.3.2",
      "vite": "^2.3.7"
    }
  }

yarn manifest: 
  No manifest

Lockfile: 
  No lockfile
